#
# There is insufficient memory for the Java Runtime Environment to continue.
# Native memory allocation (mmap) failed to map 70516736 bytes for committing reserved memory.
# Possible reasons:
#   The system is out of physical RAM or swap space
#   In 32 bit mode, the process size limit was hit
# Possible solutions:
#   Reduce memory load on the system
#   Increase physical memory or swap space
#   Check if swap backing store is full
#   Use 64 bit Java on a 64 bit OS
#   Decrease Java heap size (-Xmx/-Xms)
#   Decrease number of Java threads
#   Decrease Java thread stack sizes (-Xss)
#   Set larger code cache with -XX:ReservedCodeCacheSize=
# This output file may be truncated or incomplete.
#
#  Out of Memory Error (os_linux.cpp:2640), pid=24661, tid=0x661ceb40
#
# JRE version: Java(TM) SE Runtime Environment (8.0_144-b01) (build 1.8.0_144-b01)
# Java VM: Java HotSpot(TM) Server VM (25.144-b01 mixed mode linux-x86 )
# Failed to write core dump. Core dumps have been disabled. To enable core dumping, try "ulimit -c unlimited" before starting Java again
#

---------------  T H R E A D  ---------------

Current thread (0x66081400):  VMThread [stack: 0x6614e000,0x661cf000] [id=24671]

Stack: [0x6614e000,0x661cf000],  sp=0x661cda10,  free space=510k
Native frames: (J=compiled Java code, j=interpreted, Vv=VM code, C=native code)
V  [libjvm.so+0x8db3bf]  VMError::report_and_die()+0x16f
V  [libjvm.so+0x3927d5]  report_vm_out_of_memory(char const*, int, unsigned int, VMErrorType, char const*)+0x55
V  [libjvm.so+0x75be96]  os::Linux::commit_memory_impl(char*, unsigned int, bool)+0xe6
V  [libjvm.so+0x75c2b8]  os::pd_commit_memory(char*, unsigned int, unsigned int, bool)+0x28
V  [libjvm.so+0x7561cc]  os::commit_memory(char*, unsigned int, unsigned int, bool)+0x2c
V  [libjvm.so+0x7c1aa8]  PSVirtualSpace::expand_by(unsigned int)+0x48
V  [libjvm.so+0x7b4b01]  PSOldGen::expand(unsigned int)+0x141
V  [libjvm.so+0x7b4bcf]  PSOldGen::resize(unsigned int)+0x8f
V  [libjvm.so+0x7bb734]  PSParallelCompact::invoke_no_policy(bool)+0x874
V  [libjvm.so+0x7c010d]  PSScavenge::invoke()+0x16d
V  [libjvm.so+0x77dc3a]  ParallelScavengeHeap::failed_mem_allocate(unsigned int)+0x5a
V  [libjvm.so+0x8dce8a]  VM_ParallelGCFailedAllocation::doit()+0x7a
V  [libjvm.so+0x8e6547]  VM_Operation::evaluate()+0x47
V  [libjvm.so+0x8e4623]  VMThread::evaluate_operation(VM_Operation*)+0xb3
V  [libjvm.so+0x8e49c0]  VMThread::loop()+0x1b0
V  [libjvm.so+0x8e4e25]  VMThread::run()+0x85
V  [libjvm.so+0x75e759]  java_start(Thread*)+0x119
C  [libpthread.so.0+0x62d5]  start_thread+0xe5

VM_Operation (0x606fb684): ParallelGCFailedAllocation, mode: safepoint, requested by thread 0x62aba800


---------------  P R O C E S S  ---------------

Java Threads: ( => current thread )
  0x602d1400 JavaThread "TimerQueue" daemon [_thread_blocked, id=24691, stack(0x5feaf000,0x5ff00000)]
  0xb6507800 JavaThread "DestroyJavaVM" [_thread_blocked, id=24664, stack(0xb667b000,0xb66cc000)]
  0x62aba800 JavaThread "AWT-EventQueue-0" [_thread_blocked, id=24689, stack(0x606ad000,0x606fe000)]
  0x62ab9400 JavaThread "AWT-Shutdown" [_thread_blocked, id=24688, stack(0x61800000,0x61851000)]
  0x65795000 JavaThread "AWT-XAWT" daemon [_thread_blocked, id=24681, stack(0x653f9000,0x6544a000)]
  0x65782400 JavaThread "Java2D Disposer" daemon [_thread_blocked, id=24680, stack(0x6544a000,0x6549b000)]
  0x660aac00 JavaThread "Service Thread" daemon [_thread_blocked, id=24678, stack(0x6592c000,0x6597d000)]
  0x660a7800 JavaThread "C1 CompilerThread2" daemon [_thread_blocked, id=24677, stack(0x6597d000,0x659fe000)]
  0x660a6400 JavaThread "C2 CompilerThread1" daemon [_thread_blocked, id=24676, stack(0x659fe000,0x65a7f000)]
  0x660a4400 JavaThread "C2 CompilerThread0" daemon [_thread_blocked, id=24675, stack(0x65a7f000,0x65b00000)]
  0x660a2c00 JavaThread "Signal Dispatcher" daemon [_thread_blocked, id=24674, stack(0x65f0d000,0x65f5e000)]
  0x66088c00 JavaThread "Finalizer" daemon [_thread_blocked, id=24673, stack(0x65f5e000,0x65faf000)]
  0x66085c00 JavaThread "Reference Handler" daemon [_thread_blocked, id=24672, stack(0x65faf000,0x66000000)]

Other Threads:
=>0x66081400 VMThread [stack: 0x6614e000,0x661cf000] [id=24671]
  0x660adc00 WatcherThread [stack: 0x658ab000,0x6592c000] [id=24679]

VM state:at safepoint (normal execution)

VM Mutex/Monitor currently owned by a thread:  ([mutex/lock_event])
[0xb6504808] ExpandHeap_lock - owner thread: 0x66081400
[0xb6504d50] Threads_lock - owner thread: 0x66081400
[0xb6505160] Heap_lock - owner thread: 0x62aba800

Heap:
 PSYoungGen      total 224768K, used 0K [0x926c0000, 0xa7000000, 0xa7000000)
  eden space 112384K, 0% used [0x926c0000,0x926c0000,0x99480000)
  from space 112384K, 0% used [0xa0240000,0xa0240000,0xa7000000)
  to   space 112384K, 0% used [0x99480000,0x99480000,0xa0240000)
 ParOldGen       total 559616K, used 475039K [0x69400000, 0x8b680000, 0x926c0000)
  object space 559616K, 84% used [0x69400000,0x863e7e00,0x8b680000)
 Metaspace       used 10677K, capacity 10850K, committed 11032K, reserved 11568K

Card table byte_map: [0x69211000,0x69400000] byte_map_base: 0x68ec7000

Marking Bits: (ParMarkBitMap*) 0xb71349c0
 Begin Bits: [0x66c20000, 0x67b90000)
 End Bits:   [0x67b90000, 0x68b00000)

Polling page: 0xb774d000

CodeCache: size=245760Kb used=7260Kb max_used=7313Kb free=238499Kb
 bounds [0xa74d3000, 0xa7c03000, 0xb64d3000]
 total_blobs=2732 nmethods=2429 adapters=214
 compilation: enabled

Compilation events (10 events):
Event: 36.550 Thread 0x660a7800 nmethod 2554 0xa7bc5f88 code [0xa7bc6160, 0xa7bc6930]
Event: 36.641 Thread 0x660a4400 nmethod 2553% 0xa760f5c8 code [0xa760f860, 0xa761098c]
Event: 36.708 Thread 0x660a6400 2555 %     4       harmonic.MainFrame2::dc_solveActionPerformed @ 93 (338 bytes)
Event: 36.780 Thread 0x660a6400 nmethod 2555% 0xa7c00708 code [0xa7c009a0, 0xa7c01a6c]
Event: 40.309 Thread 0x660a4400 2556   !   4       sun.awt.X11.UnsafeXDisposerRecord::dispose (246 bytes)
Event: 40.311 Thread 0x660a7800 2557       1       java.lang.ref.Reference::clear (6 bytes)
Event: 40.311 Thread 0x660a7800 nmethod 2557 0xa76da448 code [0xa76da540, 0xa76da5e0]
Event: 40.330 Thread 0x660a4400 nmethod 2556 0xa75fd288 code [0xa75fd420, 0xa75fd9e0]
Event: 43.255 Thread 0x660a7800 2558       3       java.util.concurrent.locks.AbstractQueuedSynchronizer::addWaiter (50 bytes)
Event: 43.256 Thread 0x660a7800 nmethod 2558 0xa760efc8 code [0xa760f120, 0xa760f44c]

GC Heap History (10 events):
Event: 87.370 GC heap after
Heap after GC invocations=50 (full 6):
 PSYoungGen      total 224768K, used 112379K [0x926c0000, 0xa7000000, 0xa7000000)
  eden space 112384K, 0% used [0x926c0000,0x926c0000,0x99480000)
  from space 112384K, 99% used [0xa0240000,0xa6ffecc0,0xa7000000)
  to   space 112384K, 0% used [0x99480000,0x99480000,0xa0240000)
 ParOldGen       total 443904K, used 381526K [0x69400000, 0x84580000, 0x926c0000)
  object space 443904K, 85% used [0x69400000,0x80895bb0,0x84580000)
 Metaspace       used 10677K, capacity 10850K, committed 11032K, reserved 11568K
}
Event: 88.195 GC heap before
{Heap before GC invocations=51 (full 6):
 PSYoungGen      total 224768K, used 218073K [0x926c0000, 0xa7000000, 0xa7000000)
  eden space 112384K, 94% used [0x926c0000,0x98df7800,0x99480000)
  from space 112384K, 99% used [0xa0240000,0xa6ffecc0,0xa7000000)
  to   space 112384K, 0% used [0x99480000,0x99480000,0xa0240000)
 ParOldGen       total 443904K, used 381526K [0x69400000, 0x84580000, 0x926c0000)
  object space 443904K, 85% used [0x69400000,0x80895bb0,0x84580000)
 Metaspace       used 10677K, capacity 10850K, committed 11032K, reserved 11568K
Event: 88.267 GC heap after
Heap after GC invocations=51 (full 6):
 PSYoungGen      total 224768K, used 112379K [0x926c0000, 0xa7000000, 0xa7000000)
  eden space 112384K, 0% used [0x926c0000,0x926c0000,0x99480000)
  from space 112384K, 99% used [0x99480000,0xa023ecc0,0xa0240000)
  to   space 112384K, 0% used [0xa0240000,0xa0240000,0xa7000000)
 ParOldGen       total 443904K, used 390514K [0x69400000, 0x84580000, 0x926c0000)
  object space 443904K, 87% used [0x69400000,0x8115cbb0,0x84580000)
 Metaspace       used 10677K, capacity 10850K, committed 11032K, reserved 11568K
}
Event: 89.184 GC heap before
{Heap before GC invocations=52 (full 6):
 PSYoungGen      total 224768K, used 224763K [0x926c0000, 0xa7000000, 0xa7000000)
  eden space 112384K, 100% used [0x926c0000,0x99480000,0x99480000)
  from space 112384K, 99% used [0x99480000,0xa023ecc0,0xa0240000)
  to   space 112384K, 0% used [0xa0240000,0xa0240000,0xa7000000)
 ParOldGen       total 500736K, used 447272K [0x69400000, 0x87d00000, 0x926c0000)
  object space 500736K, 89% used [0x69400000,0x848ca218,0x87d00000)
 Metaspace       used 10677K, capacity 10850K, committed 11032K, reserved 11568K
Event: 89.214 GC heap after
Heap after GC invocations=52 (full 6):
 PSYoungGen      total 224768K, used 7888K [0x926c0000, 0xa7000000, 0xa7000000)
  eden space 112384K, 0% used [0x926c0000,0x926c0000,0x99480000)
  from space 112384K, 7% used [0xa0240000,0xa09f4000,0xa7000000)
  to   space 112384K, 0% used [0x99480000,0x99480000,0xa0240000)
 ParOldGen       total 500736K, used 450264K [0x69400000, 0x87d00000, 0x926c0000)
  object space 500736K, 89% used [0x69400000,0x84bb6218,0x87d00000)
 Metaspace       used 10677K, capacity 10850K, committed 11032K, reserved 11568K
}
Event: 89.994 GC heap before
{Heap before GC invocations=53 (full 6):
 PSYoungGen      total 224768K, used 120272K [0x926c0000, 0xa7000000, 0xa7000000)
  eden space 112384K, 100% used [0x926c0000,0x99480000,0x99480000)
  from space 112384K, 7% used [0xa0240000,0xa09f4000,0xa7000000)
  to   space 112384K, 0% used [0x99480000,0x99480000,0xa0240000)
 ParOldGen       total 500736K, used 450264K [0x69400000, 0x87d00000, 0x926c0000)
  object space 500736K, 89% used [0x69400000,0x84bb6218,0x87d00000)
 Metaspace       used 10677K, capacity 10850K, committed 11032K, reserved 11568K
Event: 90.047 GC heap after
Heap after GC invocations=53 (full 6):
 PSYoungGen      total 224768K, used 65365K [0x926c0000, 0xa7000000, 0xa7000000)
  eden space 112384K, 0% used [0x926c0000,0x926c0000,0x99480000)
  from space 112384K, 58% used [0x99480000,0x9d4556a0,0xa0240000)
  to   space 112384K, 0% used [0xa0240000,0xa0240000,0xa7000000)
 ParOldGen       total 500736K, used 458192K [0x69400000, 0x87d00000, 0x926c0000)
  object space 500736K, 91% used [0x69400000,0x85374218,0x87d00000)
 Metaspace       used 10677K, capacity 10850K, committed 11032K, reserved 11568K
}
Event: 90.815 GC heap before
{Heap before GC invocations=54 (full 6):
 PSYoungGen      total 224768K, used 177749K [0x926c0000, 0xa7000000, 0xa7000000)
  eden space 112384K, 100% used [0x926c0000,0x99480000,0x99480000)
  from space 112384K, 58% used [0x99480000,0x9d4556a0,0xa0240000)
  to   space 112384K, 0% used [0xa0240000,0xa0240000,0xa7000000)
 ParOldGen       total 500736K, used 458192K [0x69400000, 0x87d00000, 0x926c0000)
  object space 500736K, 91% used [0x69400000,0x85374218,0x87d00000)
 Metaspace       used 10677K, capacity 10850K, committed 11032K, reserved 11568K
Event: 90.904 GC heap after
Heap after GC invocations=54 (full 6):
 PSYoungGen      total 224768K, used 66245K [0x926c0000, 0xa7000000, 0xa7000000)
  eden space 112384K, 0% used [0x926c0000,0x926c0000,0x99480000)
  from space 112384K, 58% used [0xa0240000,0xa42f16c0,0xa7000000)
  to   space 112384K, 0% used [0x99480000,0x99480000,0xa0240000)
 ParOldGen       total 559616K, used 524630K [0x69400000, 0x8b680000, 0x926c0000)
  object space 559616K, 93% used [0x69400000,0x894558d8,0x8b680000)
 Metaspace       used 10677K, capacity 10850K, committed 11032K, reserved 11568K
}
Event: 90.904 GC heap before
{Heap before GC invocations=55 (full 7):
 PSYoungGen      total 224768K, used 66245K [0x926c0000, 0xa7000000, 0xa7000000)
  eden space 112384K, 0% used [0x926c0000,0x926c0000,0x99480000)
  from space 112384K, 58% used [0xa0240000,0xa42f16c0,0xa7000000)
  to   space 112384K, 0% used [0x99480000,0x99480000,0xa0240000)
 ParOldGen       total 559616K, used 524630K [0x69400000, 0x8b680000, 0x926c0000)
  object space 559616K, 93% used [0x69400000,0x894558d8,0x8b680000)
 Metaspace       used 10677K, capacity 10850K, committed 11032K, reserved 11568K

Deoptimization events (10 events):
Event: 0.859 Thread 0x62aba800 Uncommon trap: reason=class_check action=maybe_recompile pc=0xa75bf890 method=java.lang.String.equals(Ljava/lang/Object;)Z @ 8
Event: 0.859 Thread 0x62aba800 Uncommon trap: reason=class_check action=maybe_recompile pc=0xa75bf890 method=java.lang.String.equals(Ljava/lang/Object;)Z @ 8
Event: 1.137 Thread 0x62aba800 Uncommon trap: reason=unstable_if action=reinterpret pc=0xa75fde90 method=java.lang.String.<init>([CII)V @ 18
Event: 3.612 Thread 0x62aba800 Uncommon trap: reason=unstable_if action=reinterpret pc=0xa76da5ac method=java.lang.ref.SoftReference.get()Ljava/lang/Object; @ 17
Event: 3.921 Thread 0x602d1400 Uncommon trap: reason=unstable_if action=reinterpret pc=0xa774ab50 method=java.util.concurrent.locks.AbstractQueuedSynchronizer.release(I)Z @ 14
Event: 4.119 Thread 0x602d5400 Uncommon trap: reason=unstable_if action=reinterpret pc=0xa75e8e10 method=java.util.Properties.loadConvert([CII[C)Ljava/lang/String; @ 57
Event: 31.532 Thread 0x62aba800 Uncommon trap: reason=unstable_if action=reinterpret pc=0xa7a17f10 method=java.awt.font.FontRenderContext.equals(Ljava/awt/font/FontRenderContext;)Z @ 35
Event: 34.846 Thread 0x62aba800 Uncommon trap: reason=intrinsic action=make_not_entrant pc=0xa7b99740 method=harmonic.Diode.getDiodeCurrent()D @ 13
Event: 34.975 Thread 0x62aba800 Uncommon trap: reason=intrinsic action=make_not_entrant pc=0xa7ba2754 method=harmonic.Diode.getValue()D @ 14
Event: 35.135 Thread 0x62aba800 Uncommon trap: reason=intrinsic action=make_not_entrant pc=0xa7bb0128 method=harmonic.Diode.getValue()D @ 14

Internal exceptions (10 events):
Event: 0.212 Thread 0xb6507800 Exception <a 'java/io/FileNotFoundException'> (0x928c5af8) thrown at [/HUDSON3/workspace/8-2-build-linux-i586/jdk8u144/9417/hotspot/src/share/vm/prims/jni.cpp, line 709]
Event: 0.758 Thread 0x62aba800 Implicit null exception at 0xa763d8d0 to 0xa763d981
Event: 0.793 Thread 0x62aba800 Implicit null exception at 0xa762bf9f to 0xa762c321
Event: 0.794 Thread 0x62aba800 Implicit null exception at 0xa76212df to 0xa7621665
Event: 1.210 Thread 0x62aba800 Exception <a 'java/lang/UnsupportedOperationException': > (0x93326be8) thrown at [/HUDSON3/workspace/8-2-build-linux-i586/jdk8u144/9417/hotspot/src/share/vm/prims/jni.cpp, line 735]
Event: 3.194 Thread 0x62aba800 Exception <a 'java/lang/UnsupportedOperationException': > (0x93633b08) thrown at [/HUDSON3/workspace/8-2-build-linux-i586/jdk8u144/9417/hotspot/src/share/vm/prims/jni.cpp, line 735]
Event: 3.921 Thread 0x602d1400 Implicit null exception at 0xa774aaf1 to 0xa774ab40
Event: 10.623 Thread 0x62aba800 Exception <a 'java/lang/UnsupportedOperationException': > (0x92c359b0) thrown at [/HUDSON3/workspace/8-2-build-linux-i586/jdk8u144/9417/hotspot/src/share/vm/prims/jni.cpp, line 735]
Event: 15.497 Thread 0x62aba800 Exception <a 'java/lang/UnsupportedOperationException': > (0x92f63140) thrown at [/HUDSON3/workspace/8-2-build-linux-i586/jdk8u144/9417/hotspot/src/share/vm/prims/jni.cpp, line 735]
Event: 31.569 Thread 0x62aba800 Exception <a 'java/lang/UnsupportedOperationException': > (0x933794a0) thrown at [/HUDSON3/workspace/8-2-build-linux-i586/jdk8u144/9417/hotspot/src/share/vm/prims/jni.cpp, line 735]

Events (10 events):
Event: 86.434 Executing VM operation: ParallelGCFailedAllocation done
Event: 87.264 Executing VM operation: ParallelGCFailedAllocation
Event: 87.370 Executing VM operation: ParallelGCFailedAllocation done
Event: 88.195 Executing VM operation: ParallelGCFailedAllocation
Event: 88.267 Executing VM operation: ParallelGCFailedAllocation done
Event: 89.184 Executing VM operation: ParallelGCFailedAllocation
Event: 89.214 Executing VM operation: ParallelGCFailedAllocation done
Event: 89.994 Executing VM operation: ParallelGCFailedAllocation
Event: 90.047 Executing VM operation: ParallelGCFailedAllocation done
Event: 90.815 Executing VM operation: ParallelGCFailedAllocation


Dynamic libraries:
08048000-08049000 r-xp 00000000 08:11 21636572   /home/itarsi/Downloads/jdk1.8.0_144/bin/java
08049000-0804a000 rw-p 00000000 08:11 21636572   /home/itarsi/Downloads/jdk1.8.0_144/bin/java
0898d000-08a32000 rw-p 00000000 00:00 0          [heap]
5c100000-5c1f8000 rw-p 00000000 00:00 0 
5c1f8000-5c200000 ---p 00000000 00:00 0 
5c300000-5c4b8000 rw-p 00000000 00:00 0 
5c4b8000-5c500000 ---p 00000000 00:00 0 
5c500000-5c700000 rw-p 00000000 00:00 0 
5c700000-5c7ef000 rw-p 00000000 00:00 0 
5c7ef000-5c800000 ---p 00000000 00:00 0 
5c800000-5c8f1000 rw-p 00000000 00:00 0 
5c8f1000-5c900000 ---p 00000000 00:00 0 
5c900000-5c9fe000 rw-p 00000000 00:00 0 
5c9fe000-5ca00000 ---p 00000000 00:00 0 
5cb00000-5cbb0000 rw-p 00000000 00:00 0 
5cbb0000-5cc00000 ---p 00000000 00:00 0 
5cd00000-5cdfc000 rw-p 00000000 00:00 0 
5cdfc000-5ce00000 ---p 00000000 00:00 0 
5cf00000-5cff0000 rw-p 00000000 00:00 0 
5cff0000-5d000000 ---p 00000000 00:00 0 
5d073000-5d1e9000 r-xp 00000000 08:11 8133583    /usr/lib/i386-linux-gnu/libstdc++.so.6.0.22
5d1e9000-5d1ef000 r--p 00175000 08:11 8133583    /usr/lib/i386-linux-gnu/libstdc++.so.6.0.22
5d1ef000-5d1f0000 rw-p 0017b000 08:11 8133583    /usr/lib/i386-linux-gnu/libstdc++.so.6.0.22
5d1f0000-5d1f3000 rw-p 00000000 00:00 0 
5d1f3000-5ea6f000 r-xp 00000000 08:11 8127984    /usr/lib/i386-linux-gnu/libicudata.so.57.1
5ea6f000-5ea70000 r--p 0187b000 08:11 8127984    /usr/lib/i386-linux-gnu/libicudata.so.57.1
5ea70000-5ea71000 rw-p 0187c000 08:11 8127984    /usr/lib/i386-linux-gnu/libicudata.so.57.1
5ea71000-5ec11000 r-xp 00000000 08:11 8127991    /usr/lib/i386-linux-gnu/libicuuc.so.57.1
5ec11000-5ec12000 ---p 001a0000 08:11 8127991    /usr/lib/i386-linux-gnu/libicuuc.so.57.1
5ec12000-5ec1c000 r--p 001a0000 08:11 8127991    /usr/lib/i386-linux-gnu/libicuuc.so.57.1
5ec1c000-5ec1d000 rw-p 001aa000 08:11 8127991    /usr/lib/i386-linux-gnu/libicuuc.so.57.1
5ec1d000-5ec1f000 rw-p 00000000 00:00 0 
5ec1f000-5edf9000 r-xp 00000000 08:11 8130676    /usr/lib/i386-linux-gnu/libxml2.so.2.9.4
5edf9000-5edfa000 ---p 001da000 08:11 8130676    /usr/lib/i386-linux-gnu/libxml2.so.2.9.4
5edfa000-5edfe000 r--p 001da000 08:11 8130676    /usr/lib/i386-linux-gnu/libxml2.so.2.9.4
5edfe000-5edff000 rw-p 001de000 08:11 8130676    /usr/lib/i386-linux-gnu/libxml2.so.2.9.4
5edff000-5ee00000 rw-p 00000000 00:00 0 
5ee00000-5ef00000 rw-p 00000000 00:00 0 
5ef00000-5ef52000 rw-p 00000000 00:00 0 
5ef52000-5f000000 ---p 00000000 00:00 0 
5f000000-5f100000 rw-p 00000000 00:00 0 
5f200000-5f300000 rw-p 00000000 00:00 0 
5f394000-5f3ba000 r-xp 00000000 08:11 15861293   /lib/i386-linux-gnu/liblzma.so.5.0.0
5f3ba000-5f3bb000 r--p 00025000 08:11 15861293   /lib/i386-linux-gnu/liblzma.so.5.0.0
5f3bb000-5f3bc000 rw-p 00026000 08:11 15861293   /lib/i386-linux-gnu/liblzma.so.5.0.0
5f3bc000-5f3fc000 r-xp 00000000 08:11 8132607    /usr/lib/i386-linux-gnu/libcroco-0.6.so.3.0.1
5f3fc000-5f3fd000 ---p 00040000 08:11 8132607    /usr/lib/i386-linux-gnu/libcroco-0.6.so.3.0.1
5f3fd000-5f3ff000 r--p 00040000 08:11 8132607    /usr/lib/i386-linux-gnu/libcroco-0.6.so.3.0.1
5f3ff000-5f400000 rw-p 00042000 08:11 8132607    /usr/lib/i386-linux-gnu/libcroco-0.6.so.3.0.1
5f400000-5f4f9000 rw-p 00000000 00:00 0 
5f4f9000-5f500000 ---p 00000000 00:00 0 
5f500000-5f5eb000 rw-p 00000000 00:00 0 
5f5eb000-5f600000 ---p 00000000 00:00 0 
5f600000-5f6f6000 rw-p 00000000 00:00 0 
5f6f6000-5f700000 ---p 00000000 00:00 0 
5f700000-5f780000 rw-p 00000000 00:00 0 
5f780000-5f800000 ---p 00000000 00:00 0 
5f800000-5f8fa000 rw-p 00000000 00:00 0 
5f8fa000-5f900000 ---p 00000000 00:00 0 
5f90f000-5f94e000 r-xp 00000000 08:11 8133495    /usr/lib/i386-linux-gnu/librsvg-2.so.2.40.16
5f94e000-5f94f000 r--p 0003e000 08:11 8133495    /usr/lib/i386-linux-gnu/librsvg-2.so.2.40.16
5f94f000-5f950000 rw-p 0003f000 08:11 8133495    /usr/lib/i386-linux-gnu/librsvg-2.so.2.40.16
5f950000-5f997000 rw-s 00000000 00:05 1954316313  /SYSV00000000 (deleted)
5f9bd000-5f9de000 r--s 00000000 08:11 8781911    /usr/share/mime/mime.cache
5f9de000-5fade000 rw-p 00000000 00:00 0 
5fade000-5fe1c000 rw-p 00000000 00:00 0 
5fe2b000-5fe5e000 r--p 00000000 08:11 9836608    /usr/share/icons/Humanity/icon-theme.cache
5fe5e000-5fe61000 ---p 00000000 00:00 0 
5fe61000-5feaf000 rw-p 00000000 00:00 0 
5feaf000-5feb2000 ---p 00000000 00:00 0 
5feb2000-5ff00000 rw-p 00000000 00:00 0 
5ff00000-5fffd000 rw-p 00000000 00:00 0 
5fffd000-60000000 ---p 00000000 00:00 0 
60020000-600a0000 rw-s 00000000 00:05 1953595460  /SYSV00000000 (deleted)
600a0000-60100000 rw-s 00000000 00:05 1953497152  /SYSV00000000 (deleted)
60100000-60200000 rw-p 00000000 00:00 0 
60200000-60300000 rw-p 00000000 00:00 0 
60300000-60400000 rw-p 00000000 00:00 0 
60400000-604fc000 rw-p 00000000 00:00 0 
604fc000-60500000 ---p 00000000 00:00 0 
6051b000-60541000 r-xp 00000000 08:11 21636497   /home/itarsi/Downloads/jdk1.8.0_144/jre/lib/i386/libdcpr.so
60541000-60544000 rw-p 00025000 08:11 21636497   /home/itarsi/Downloads/jdk1.8.0_144/jre/lib/i386/libdcpr.so
60544000-605a5000 r-xp 00000000 08:11 21636503   /home/itarsi/Downloads/jdk1.8.0_144/jre/lib/i386/libt2k.so
605a5000-605a9000 rw-p 00060000 08:11 21636503   /home/itarsi/Downloads/jdk1.8.0_144/jre/lib/i386/libt2k.so
605a9000-606ad000 rw-p 00000000 00:00 0 
606ad000-606b0000 ---p 00000000 00:00 0 
606b0000-606fe000 rw-p 00000000 00:00 0 
606fe000-606ff000 ---p 00000000 00:00 0 
606ff000-60eff000 rw-p 00000000 00:00 0 
60eff000-60f00000 ---p 00000000 00:00 0 
60f00000-61700000 rw-p 00000000 00:00 0 
61700000-617ff000 rw-p 00000000 00:00 0 
617ff000-61800000 ---p 00000000 00:00 0 
61800000-61803000 ---p 00000000 00:00 0 
61803000-61851000 rw-p 00000000 00:00 0 
61851000-61888000 r-xp 00000000 08:11 8134625    /usr/lib/i386-linux-gnu/gvfs/libgvfscommon.so
61888000-61889000 ---p 00037000 08:11 8134625    /usr/lib/i386-linux-gnu/gvfs/libgvfscommon.so
61889000-6188b000 r--p 00037000 08:11 8134625    /usr/lib/i386-linux-gnu/gvfs/libgvfscommon.so
6188b000-6188c000 rw-p 00039000 08:11 8134625    /usr/lib/i386-linux-gnu/gvfs/libgvfscommon.so
6188c000-618c2000 r-xp 00000000 08:11 8258254    /usr/lib/i386-linux-gnu/gio/modules/libgvfsdbus.so
618c2000-618c3000 r--p 00035000 08:11 8258254    /usr/lib/i386-linux-gnu/gio/modules/libgvfsdbus.so
618c3000-618c4000 rw-p 00036000 08:11 8258254    /usr/lib/i386-linux-gnu/gio/modules/libgvfsdbus.so
618c4000-61933000 r-xp 00000000 08:11 8133058    /usr/lib/i386-linux-gnu/libibus-1.0.so.5.0.511
61933000-61934000 r--p 0006e000 08:11 8133058    /usr/lib/i386-linux-gnu/libibus-1.0.so.5.0.511
61934000-61935000 rw-p 0006f000 08:11 8133058    /usr/lib/i386-linux-gnu/libibus-1.0.so.5.0.511
61940000-61953000 r--s 00345000 08:11 21636407   /home/itarsi/Downloads/jdk1.8.0_144/jre/lib/resources.jar
61953000-61959000 r-xp 00000000 08:11 8258273    /usr/lib/i386-linux-gnu/gtk-2.0/2.10.0/immodules/im-ibus.so
61959000-6195a000 ---p 00006000 08:11 8258273    /usr/lib/i386-linux-gnu/gtk-2.0/2.10.0/immodules/im-ibus.so
6195a000-6195b000 r--p 00006000 08:11 8258273    /usr/lib/i386-linux-gnu/gtk-2.0/2.10.0/immodules/im-ibus.so
6195b000-6195c000 rw-p 00007000 08:11 8258273    /usr/lib/i386-linux-gnu/gtk-2.0/2.10.0/immodules/im-ibus.so
6195c000-619b0000 r--p 00000000 08:11 9438238    /usr/share/fonts/truetype/dejavu/DejaVuSansMono.ttf
619b0000-61a07000 r--p 00000000 08:11 9438372    /usr/share/fonts/truetype/ubuntu-font-family/Ubuntu-R.ttf
61a0a000-61a10000 r--p 00000000 08:11 9831506    /usr/share/icons/hicolor/icon-theme.cache
61a66000-61a67000 r-xp 00000000 08:11 8258181    /usr/lib/i386-linux-gnu/gdk-pixbuf-2.0/2.10.0/loaders/libpixbufloader-svg.so
61a67000-61a68000 ---p 00001000 08:11 8258181    /usr/lib/i386-linux-gnu/gdk-pixbuf-2.0/2.10.0/loaders/libpixbufloader-svg.so
61a68000-61a69000 r--p 00001000 08:11 8258181    /usr/lib/i386-linux-gnu/gdk-pixbuf-2.0/2.10.0/loaders/libpixbufloader-svg.so
61a69000-61a6a000 rw-p 00002000 08:11 8258181    /usr/lib/i386-linux-gnu/gdk-pixbuf-2.0/2.10.0/loaders/libpixbufloader-svg.so
61a6a000-61a78000 r--p 00000000 08:11 9845266    /usr/share/icons/ubuntu-mono-dark/icon-theme.cache
61d00000-61e00000 rw-p 00000000 00:00 0 
61e03000-61e0c000 r--p 00000000 08:11 9831723    /usr/share/icons/Adwaita/icon-theme.cache
62700000-62800000 rw-p 00000000 00:00 0 
62800000-62805000 r--p 00000000 08:11 9843891    /usr/share/icons/Humanity-Dark/icon-theme.cache
6285c000-62861000 r--s 00000000 08:11 21510810   /var/cache/fontconfig/4be9850f182b35c1350b6bbf2e42601c-le32d4.cache-6
62861000-62862000 r--s 00000000 08:11 21510809   /var/cache/fontconfig/30a99c4256905863f7aa12b5e873c27c-le32d4.cache-6
62862000-62863000 r--s 00000000 08:11 21510808   /var/cache/fontconfig/087e1975ba9a574b140bb1df193bf770-le32d4.cache-6
62863000-62868000 r--s 00000000 08:11 21510807   /var/cache/fontconfig/6fe8b0d39a161d19087fe931545dda13-le32d4.cache-6
62868000-6286b000 r--s 00000000 08:11 21510806   /var/cache/fontconfig/6aa41aa22e18b8fa06a12da28ea9c28b-le32d4.cache-6
6286b000-62873000 r--s 00000000 08:11 21495892   /var/cache/fontconfig/945677eb7aeaf62f1d50efc3fb3ec7d8-le32d4.cache-6
62873000-62877000 r--s 00000000 08:11 21495873   /var/cache/fontconfig/2cd17615ca594fa2959ae173292e504c-le32d4.cache-6
62877000-62878000 r--s 00000000 08:11 21495870   /var/cache/fontconfig/0d8c3b2ac0904cb8a57a757ad11a4a08-le32d4.cache-6
62878000-6287b000 r--s 00000000 08:11 21506913   /var/cache/fontconfig/de156ccd2eddbdc19d37a45b8b2aac9c-le32d4.cache-6
6287b000-6288a000 r--s 00000000 08:11 21495866   /var/cache/fontconfig/04aabc0a78ac019cf9454389977116d2-le32d4.cache-6
6288a000-6288b000 r--s 00000000 08:11 21495872   /var/cache/fontconfig/1ac9eb803944fde146138c791f5cc56a-le32d4.cache-6
6288b000-6288e000 r--s 00000000 08:11 21495877   /var/cache/fontconfig/385c0604a188198f04d133e54aba7fe7-le32d4.cache-6
6288e000-6288f000 r--s 00000000 08:11 21510805   /var/cache/fontconfig/9c956a7723ca69a44b382d9179c9802f-le32d4.cache-6
6288f000-62890000 r--s 00000000 08:11 21495905   /var/cache/fontconfig/dc05db6664285cc2f12bf69c139ae4c3-le32d4.cache-6
62890000-62892000 r--s 00000000 08:11 21495888   /var/cache/fontconfig/767a8244fc0220cfb567a839d0392e0b-le32d4.cache-6
62892000-62893000 r--s 00000000 08:11 21503868   /var/cache/fontconfig/4794a0821666d79190d59a36cb4f44b5-le32d4.cache-6
62893000-62894000 r--s 00000000 08:11 21510803   /var/cache/fontconfig/9eae20f1ff8cc0a7d125749e875856bd-le32d4.cache-6
62894000-62895000 r--s 00000000 08:11 21495868   /var/cache/fontconfig/0bd3dc0958fa2205aaaa8ebb13e2872b-le32d4.cache-6
62895000-62897000 r--s 00000000 08:11 21510802   /var/cache/fontconfig/bf2c1853a9e9b00bb02fe2e9bcf1e201-le32d4.cache-6
62897000-6289b000 r--s 00000000 08:11 21495891   /var/cache/fontconfig/8801497958630a81b71ace7c5f9b32a8-le32d4.cache-6
6289b000-6289e000 r--s 00000000 08:11 21506911   /var/cache/fontconfig/c57959a16110560c8d0fcea73374aeeb-le32d4.cache-6
6289e000-6289f000 r--s 00000000 08:11 21495898   /var/cache/fontconfig/bab58bb527bb656aaa9f116d68a48d89-le32d4.cache-6
6289f000-628a4000 r--s 00000000 08:11 21495874   /var/cache/fontconfig/3047814df9a2f067bd2d96a2b9c36e5a-le32d4.cache-6
628a4000-628aa000 r--s 00000000 08:11 21510801   /var/cache/fontconfig/bf3b770c553c462765856025a94f1ce6-le32d4.cache-6
628aa000-628ab000 r--s 00000000 08:11 21495882   /var/cache/fontconfig/56cf4f4769d0f4abc89a4895d7bd3ae1-le32d4.cache-6
628ab000-628ac000 r--s 00000000 08:11 21495897   /var/cache/fontconfig/b9d506c9ac06c20b433354fa67a72993-le32d4.cache-6
628ac000-628b0000 r--s 00000000 08:11 21495896   /var/cache/fontconfig/b47c4e1ecd0709278f4910c18777a504-le32d4.cache-6
628b0000-628b2000 r--s 00000000 08:11 21510800   /var/cache/fontconfig/14d493b97896515cad3840ba4896e372-le32d4.cache-6
628b2000-628b5000 r--s 00000000 08:11 21510799   /var/cache/fontconfig/e49e89034d371f0f9de17aab02136486-le32d4.cache-6
628b5000-628b7000 r--s 00000000 08:11 21510798   /var/cache/fontconfig/4b14b093aebc79c320de5e86ae1d3314-le32d4.cache-6
628b7000-628c7000 r--s 00000000 08:11 21495902   /var/cache/fontconfig/d52a8644073d54c13679302ca1180695-le32d4.cache-6
628c7000-628c8000 r--s 00000000 08:11 21495881   /var/cache/fontconfig/551ecf3b0e8b0bca0f25c0944f561853-le32d4.cache-6
628c8000-628c9000 r--s 00000000 08:11 21510797   /var/cache/fontconfig/8a687c406b77f27d99abfeeba937fcce-le32d4.cache-6
628c9000-628ce000 r--s 00000000 08:11 21510796   /var/cache/fontconfig/75ad6aa2358a85f0de2c8ee4837e8227-le32d4.cache-6
628ce000-628cf000 r--s 00000000 08:11 21495878   /var/cache/fontconfig/3f7329c5293ffd510edef78f73874cfd-le32d4.cache-6
628cf000-628d1000 r--s 00000000 08:11 21510795   /var/cache/fontconfig/65f976e5259cbe6dc7697b8648396239-le32d4.cache-6
628d1000-628da000 r--s 00000000 08:11 21510794   /var/cache/fontconfig/d589a48862398ed80a3d6066f4f56f4c-le32d4.cache-6
628da000-628dd000 r--s 00000000 08:11 21510793   /var/cache/fontconfig/246184dc75a16901ca37d96895904249-le32d4.cache-6
628dd000-628de000 r--s 00000000 08:11 21510792   /var/cache/fontconfig/94f7fe9bd33aadfac165873bd010d595-le32d4.cache-6
628de000-628df000 r--s 00000000 08:11 21510791   /var/cache/fontconfig/423767150eb258c59035de29db6fca84-le32d4.cache-6
628df000-628e0000 r--s 00000000 08:11 21510790   /var/cache/fontconfig/406a1d2d2bf3ed7664fbadefac0b2f66-le32d4.cache-6
628e0000-628ea000 r--s 00000000 08:11 21510788   /var/cache/fontconfig/198d8fcf01c96d0cf813f74fd759bdb7-le32d4.cache-6
628ea000-628f2000 r--s 00000000 08:11 21495890   /var/cache/fontconfig/83bf95040141907cd45bb53cf7c1c148-le32d4.cache-6
628f2000-62900000 r--s 00000000 08:11 21495894   /var/cache/fontconfig/9b89f8e3dae116d678bbf48e5f21f69b-le32d4.cache-6
62900000-62a00000 rw-p 00000000 00:00 0 
62a00000-62b00000 rw-p 00000000 00:00 0 
62b00000-62b02000 r--s 00000000 08:11 21510789   /var/cache/fontconfig/67709b7835c0f764c1135060c9575660-le32d4.cache-6
62b02000-62b03000 r--s 00000000 08:11 21495875   /var/cache/fontconfig/30829fa25452a46451e813d634d7f916-le32d4.cache-6
62b03000-62b04000 r--s 00000000 08:11 21495869   /var/cache/fontconfig/0c9eb80ebd1c36541ebe2852d3bb0c49-le32d4.cache-6
62b04000-62b07000 r--s 00000000 08:11 21495887   /var/cache/fontconfig/75114ca45c98e8a441da0ff356701271-le32d4.cache-6
62b07000-62b09000 r--s 00000000 08:11 21510786   /var/cache/fontconfig/6e6b34ae150a7ad95e82fb4a522f0bda-le32d4.cache-6
62b09000-62b0e000 r--s 00000000 08:11 21510784   /var/cache/fontconfig/53d14c92082a93e67d5078324eb314ca-le32d4.cache-6
62b0e000-62b1e000 r--s 00000000 08:11 21510782   /var/cache/fontconfig/4ac51e5cfbc76fc3f983e470323a16d3-le32d4.cache-6
62b1e000-62b23000 r--s 00000000 08:11 21510778   /var/cache/fontconfig/3629f2adf904f9a612908891fae71ceb-le32d4.cache-6
62b23000-62b26000 r--s 00000000 08:11 21510777   /var/cache/fontconfig/de83a0a961185c8bd1f159015d56c039-le32d4.cache-6
62b26000-62b36000 r--s 00000000 08:11 21510772   /var/cache/fontconfig/e13b20fdb08344e0e664864cc2ede53d-le32d4.cache-6
62b36000-62b3a000 r--s 00000000 08:11 21503867   /var/cache/fontconfig/7ef2298fde41cc6eeb7af42e48b7d293-le32d4.cache-6
62b3a000-62b53000 r--s 00000000 08:11 21498069   /var/cache/fontconfig/467c019e582ee353435ea5c21d137ef6-le32d4.cache-6
62b6b000-62b7a000 r-xp 00000000 08:11 21636495   /home/itarsi/Downloads/jdk1.8.0_144/jre/lib/i386/libnio.so
62b7a000-62b7b000 rw-p 0000e000 08:11 21636495   /home/itarsi/Downloads/jdk1.8.0_144/jre/lib/i386/libnio.so
62b7b000-62b90000 r-xp 00000000 08:11 21636471   /home/itarsi/Downloads/jdk1.8.0_144/jre/lib/i386/libnet.so
62b90000-62b91000 rw-p 00015000 08:11 21636471   /home/itarsi/Downloads/jdk1.8.0_144/jre/lib/i386/libnet.so
62b91000-62b92000 ---p 00000000 00:00 0 
62b92000-63392000 rw-p 00000000 00:00 0 
63392000-63393000 ---p 00000000 00:00 0 
63393000-63b93000 rw-p 00000000 00:00 0 
63b93000-63b94000 ---p 00000000 00:00 0 
63b94000-64394000 rw-p 00000000 00:00 0 
64394000-643df000 r--p 00000000 08:11 9446631    /usr/share/glib-2.0/schemas/gschemas.compiled
643df000-643e6000 r-xp 00000000 08:11 8133331    /usr/lib/i386-linux-gnu/libogg.so.0.8.2
643e6000-643e7000 r--p 00006000 08:11 8133331    /usr/lib/i386-linux-gnu/libogg.so.0.8.2
643e7000-643e8000 rw-p 00007000 08:11 8133331    /usr/lib/i386-linux-gnu/libogg.so.0.8.2
643e8000-64412000 r-xp 00000000 08:11 8133762    /usr/lib/i386-linux-gnu/libvorbis.so.0.4.8
64412000-64413000 r--p 00029000 08:11 8133762    /usr/lib/i386-linux-gnu/libvorbis.so.0.4.8
64413000-64414000 rw-p 0002a000 08:11 8133762    /usr/lib/i386-linux-gnu/libvorbis.so.0.4.8
64414000-6441d000 r-xp 00000000 08:11 8133178    /usr/lib/i386-linux-gnu/libltdl.so.7.3.1
6441d000-6441e000 r--p 00008000 08:11 8133178    /usr/lib/i386-linux-gnu/libltdl.so.7.3.1
6441e000-6441f000 rw-p 00009000 08:11 8133178    /usr/lib/i386-linux-gnu/libltdl.so.7.3.1
6441f000-64436000 r-xp 00000000 08:11 8133597    /usr/lib/i386-linux-gnu/libtdb.so.1.3.9
64436000-64437000 r--p 00016000 08:11 8133597    /usr/lib/i386-linux-gnu/libtdb.so.1.3.9
64437000-64438000 rw-p 00017000 08:11 8133597    /usr/lib/i386-linux-gnu/libtdb.so.1.3.9
64438000-64441000 r-xp 00000000 08:11 8133766    /usr/lib/i386-linux-gnu/libvorbisfile.so.3.3.7
64441000-64442000 r--p 00008000 08:11 8133766    /usr/lib/i386-linux-gnu/libvorbisfile.so.3.3.7
64442000-64443000 rw-p 00009000 08:11 8133766    /usr/lib/i386-linux-gnu/libvorbisfile.so.3.3.7
64443000-64454000 r-xp 00000000 08:11 8132536    /usr/lib/i386-linux-gnu/libcanberra.so.0.2.5
64454000-64455000 ---p 00011000 08:11 8132536    /usr/lib/i386-linux-gnu/libcanberra.so.0.2.5
64455000-64456000 r--p 00011000 08:11 8132536    /usr/lib/i386-linux-gnu/libcanberra.so.0.2.5
64456000-64457000 rw-p 00012000 08:11 8132536    /usr/lib/i386-linux-gnu/libcanberra.so.0.2.5
64457000-6445b000 r-xp 00000000 08:11 8132532    /usr/lib/i386-linux-gnu/libcanberra-gtk.so.0.1.9
6445b000-6445c000 r--p 00003000 08:11 8132532    /usr/lib/i386-linux-gnu/libcanberra-gtk.so.0.1.9
6445c000-6445d000 rw-p 00004000 08:11 8132532    /usr/lib/i386-linux-gnu/libcanberra-gtk.so.0.1.9
6445d000-64467000 r--s 00000000 08:11 21510757   /var/cache/fontconfig/8f02d4cb045bd6ce15663e43f347c9f8-le32d4.cache-6
64467000-6446d000 r--p 00000000 08:11 21366427   /home/itarsi/.config/dconf/user
6446d000-64479000 r-xp 00000000 08:11 8258249    /usr/lib/i386-linux-gnu/gio/modules/libdconfsettings.so
64479000-6447a000 r--p 0000b000 08:11 8258249    /usr/lib/i386-linux-gnu/gio/modules/libdconfsettings.so
6447a000-6447b000 rw-p 0000c000 08:11 8258249    /usr/lib/i386-linux-gnu/gio/modules/libdconfsettings.so
6447b000-644b6000 r-xp 00000000 08:11 8258269    /usr/lib/i386-linux-gnu/gtk-2.0/2.10.0/engines/libmurrine.so
644b6000-644b7000 ---p 0003b000 08:11 8258269    /usr/lib/i386-linux-gnu/gtk-2.0/2.10.0/engines/libmurrine.so
644b7000-644b8000 r--p 0003b000 08:11 8258269    /usr/lib/i386-linux-gnu/gtk-2.0/2.10.0/engines/libmurrine.so
644b8000-644b9000 rw-p 0003c000 08:11 8258269    /usr/lib/i386-linux-gnu/gtk-2.0/2.10.0/engines/libmurrine.so
644b9000-644c0000 r-xp 00000000 08:11 8132626    /usr/lib/i386-linux-gnu/libdatrie.so.1.3.3
644c0000-644c1000 ---p 00007000 08:11 8132626    /usr/lib/i386-linux-gnu/libdatrie.so.1.3.3
644c1000-644c2000 r--p 00007000 08:11 8132626    /usr/lib/i386-linux-gnu/libdatrie.so.1.3.3
644c2000-644c3000 rw-p 00008000 08:11 8132626    /usr/lib/i386-linux-gnu/libdatrie.so.1.3.3
644c3000-644e8000 r-xp 00000000 08:11 8132938    /usr/lib/i386-linux-gnu/libgraphite2.so.3.0.1
644e8000-644e9000 r--p 00024000 08:11 8132938    /usr/lib/i386-linux-gnu/libgraphite2.so.3.0.1
644e9000-644ea000 rw-p 00025000 08:11 8132938    /usr/lib/i386-linux-gnu/libgraphite2.so.3.0.1
644ea000-64531000 r-xp 00000000 08:11 15861220   /lib/i386-linux-gnu/libblkid.so.1.1.0
64531000-64533000 r--p 00046000 08:11 15861220   /lib/i386-linux-gnu/libblkid.so.1.1.0
64533000-64534000 rw-p 00048000 08:11 15861220   /lib/i386-linux-gnu/libblkid.so.1.1.0
64534000-64535000 rw-p 00000000 00:00 0 
64535000-6455c000 r-xp 00000000 08:11 15860864   /lib/i386-linux-gnu/libexpat.so.1.6.2
6455c000-6455e000 r--p 00026000 08:11 15860864   /lib/i386-linux-gnu/libexpat.so.1.6.2
6455e000-6455f000 rw-p 00028000 08:11 15860864   /lib/i386-linux-gnu/libexpat.so.1.6.2
6455f000-645d6000 r-xp 00000000 08:11 15861354   /lib/i386-linux-gnu/libpcre.so.3.13.3
645d6000-645d7000 r--p 00076000 08:11 15861354   /lib/i386-linux-gnu/libpcre.so.3.13.3
645d7000-645d8000 rw-p 00077000 08:11 15861354   /lib/i386-linux-gnu/libpcre.so.3.13.3
645d8000-645df000 r-xp 00000000 08:11 8132757    /usr/lib/i386-linux-gnu/libffi.so.6.0.4
645df000-645e0000 r--p 00006000 08:11 8132757    /usr/lib/i386-linux-gnu/libffi.so.6.0.4
645e0000-645e1000 rw-p 00007000 08:11 8132757    /usr/lib/i386-linux-gnu/libffi.so.6.0.4
645e1000-645ea000 r-xp 00000000 08:11 8133611    /usr/lib/i386-linux-gnu/libthai.so.0.3.0
645ea000-645eb000 r--p 00008000 08:11 8133611    /usr/lib/i386-linux-gnu/libthai.so.0.3.0
645eb000-645ec000 rw-p 00009000 08:11 8133611    /usr/lib/i386-linux-gnu/libthai.so.0.3.0
645ec000-64670000 r-xp 00000000 08:11 8133028    /usr/lib/i386-linux-gnu/libharfbuzz.so.0.10200.7
64670000-64671000 r--p 00083000 08:11 8133028    /usr/lib/i386-linux-gnu/libharfbuzz.so.0.10200.7
64671000-64672000 rw-p 00084000 08:11 8133028    /usr/lib/i386-linux-gnu/libharfbuzz.so.0.10200.7
64672000-646c3000 r-xp 00000000 08:11 15861302   /lib/i386-linux-gnu/libmount.so.1.1.0
646c3000-646c4000 r--p 00050000 08:11 15861302   /lib/i386-linux-gnu/libmount.so.1.1.0
646c4000-646c5000 rw-p 00051000 08:11 15861302   /lib/i386-linux-gnu/libmount.so.1.1.0
646c5000-646c6000 rw-p 00000000 00:00 0 
646c6000-646da000 r-xp 00000000 08:11 15860788   /lib/i386-linux-gnu/libresolv-2.24.so
646da000-646db000 ---p 00014000 08:11 15860788   /lib/i386-linux-gnu/libresolv-2.24.so
646db000-646dc000 r--p 00014000 08:11 15860788   /lib/i386-linux-gnu/libresolv-2.24.so
646dc000-646dd000 rw-p 00015000 08:11 15860788   /lib/i386-linux-gnu/libresolv-2.24.so
646dd000-646df000 rw-p 00000000 00:00 0 
646df000-64706000 r-xp 00000000 08:11 15861381   /lib/i386-linux-gnu/libselinux.so.1
64706000-64707000 r--p 00026000 08:11 15861381   /lib/i386-linux-gnu/libselinux.so.1
64707000-64708000 rw-p 00027000 08:11 15861381   /lib/i386-linux-gnu/libselinux.so.1
64708000-64709000 rw-p 00000000 00:00 0 
64709000-64722000 r-xp 00000000 08:11 15860759   /lib/i386-linux-gnu/libz.so.1.2.8
64722000-64723000 r--p 00018000 08:11 15860759   /lib/i386-linux-gnu/libz.so.1.2.8
64723000-64724000 rw-p 00019000 08:11 15860759   /lib/i386-linux-gnu/libz.so.1.2.8
64724000-6475c000 r-xp 00000000 08:11 8133402    /usr/lib/i386-linux-gnu/libpng16.so.16.25.0
6475c000-6475d000 r--p 00037000 08:11 8133402    /usr/lib/i386-linux-gnu/libpng16.so.16.25.0
6475d000-6475e000 rw-p 00038000 08:11 8133402    /usr/lib/i386-linux-gnu/libpng16.so.16.25.0
6475e000-64807000 r-xp 00000000 08:11 8133394    /usr/lib/i386-linux-gnu/libpixman-1.so.0.33.6
64807000-6480d000 r--p 000a8000 08:11 8133394    /usr/lib/i386-linux-gnu/libpixman-1.so.0.33.6
6480d000-6480e000 rw-p 000ae000 08:11 8133394    /usr/lib/i386-linux-gnu/libpixman-1.so.0.33.6
6480e000-648bc000 r-xp 00000000 08:11 8126583    /usr/lib/i386-linux-gnu/libfreetype.so.6.12.3
648bc000-648c0000 r--p 000ad000 08:11 8126583    /usr/lib/i386-linux-gnu/libfreetype.so.6.12.3
648c0000-648c1000 rw-p 000b1000 08:11 8126583    /usr/lib/i386-linux-gnu/libfreetype.so.6.12.3
648c1000-64903000 r-xp 00000000 08:11 8132775    /usr/lib/i386-linux-gnu/libfontconfig.so.1.9.0
64903000-64904000 ---p 00042000 08:11 8132775    /usr/lib/i386-linux-gnu/libfontconfig.so.1.9.0
64904000-64905000 r--p 00042000 08:11 8132775    /usr/lib/i386-linux-gnu/libfontconfig.so.1.9.0
64905000-6490a000 rw-p 00043000 08:11 8132775    /usr/lib/i386-linux-gnu/libfontconfig.so.1.9.0
6490a000-64a34000 r-xp 00000000 08:11 15860763   /lib/i386-linux-gnu/libglib-2.0.so.0.5000.2
64a34000-64a35000 r--p 00129000 08:11 15860763   /lib/i386-linux-gnu/libglib-2.0.so.0.5000.2
64a35000-64a36000 rw-p 0012a000 08:11 15860763   /lib/i386-linux-gnu/libglib-2.0.so.0.5000.2
64a36000-64a92000 r-xp 00000000 08:11 8126975    /usr/lib/i386-linux-gnu/libgobject-2.0.so.0.5000.2
64a92000-64a93000 r--p 0005b000 08:11 8126975    /usr/lib/i386-linux-gnu/libgobject-2.0.so.0.5000.2
64a93000-64a94000 rw-p 0005c000 08:11 8126975    /usr/lib/i386-linux-gnu/libgobject-2.0.so.0.5000.2
64a94000-64ae2000 r-xp 00000000 08:11 8133362    /usr/lib/i386-linux-gnu/libpango-1.0.so.0.4000.1
64ae2000-64ae4000 r--p 0004d000 08:11 8133362    /usr/lib/i386-linux-gnu/libpango-1.0.so.0.4000.1
64ae4000-64ae5000 rw-p 0004f000 08:11 8133362    /usr/lib/i386-linux-gnu/libpango-1.0.so.0.4000.1
64ae5000-64afb000 r-xp 00000000 08:11 8133366    /usr/lib/i386-linux-gnu/libpangoft2-1.0.so.0.4000.1
64afb000-64afc000 r--p 00015000 08:11 8133366    /usr/lib/i386-linux-gnu/libpangoft2-1.0.so.0.4000.1
64afc000-64afd000 rw-p 00016000 08:11 8133366    /usr/lib/i386-linux-gnu/libpangoft2-1.0.so.0.4000.1
64afd000-64cd1000 r-xp 00000000 08:11 8126924    /usr/lib/i386-linux-gnu/libgio-2.0.so.0.5000.2
64cd1000-64cd4000 r--p 001d3000 08:11 8126924    /usr/lib/i386-linux-gnu/libgio-2.0.so.0.5000.2
64cd4000-64cd6000 rw-p 001d6000 08:11 8126924    /usr/lib/i386-linux-gnu/libgio-2.0.so.0.5000.2
64cd6000-64cd7000 rw-p 00000000 00:00 0 
64cd7000-64cfe000 r-xp 00000000 08:11 8132850    /usr/lib/i386-linux-gnu/libgdk_pixbuf-2.0.so.0.3400.0
64cfe000-64cff000 r--p 00026000 08:11 8132850    /usr/lib/i386-linux-gnu/libgdk_pixbuf-2.0.so.0.3400.0
64cff000-64d00000 rw-p 00027000 08:11 8132850    /usr/lib/i386-linux-gnu/libgdk_pixbuf-2.0.so.0.3400.0
64d00000-64e3d000 r-xp 00000000 08:11 8132526    /usr/lib/i386-linux-gnu/libcairo.so.2.11400.6
64e3d000-64e3f000 r--p 0013c000 08:11 8132526    /usr/lib/i386-linux-gnu/libcairo.so.2.11400.6
64e3f000-64e40000 rw-p 0013e000 08:11 8132526    /usr/lib/i386-linux-gnu/libcairo.so.2.11400.6
64e40000-64e41000 rw-p 00000000 00:00 0 
64e41000-64efe000 r-xp 00000000 08:11 8132848    /usr/lib/i386-linux-gnu/libgdk-x11-2.0.so.0.2400.30
64efe000-64eff000 ---p 000bd000 08:11 8132848    /usr/lib/i386-linux-gnu/libgdk-x11-2.0.so.0.2400.30
64eff000-64f01000 r--p 000bd000 08:11 8132848    /usr/lib/i386-linux-gnu/libgdk-x11-2.0.so.0.2400.30
64f01000-64f02000 rw-p 000bf000 08:11 8132848    /usr/lib/i386-linux-gnu/libgdk-x11-2.0.so.0.2400.30
64f02000-653f0000 r-xp 00000000 08:11 8132997    /usr/lib/i386-linux-gnu/libgtk-x11-2.0.so.0.2400.30
653f0000-653f1000 ---p 004ee000 08:11 8132997    /usr/lib/i386-linux-gnu/libgtk-x11-2.0.so.0.2400.30
653f1000-653f5000 r--p 004ee000 08:11 8132997    /usr/lib/i386-linux-gnu/libgtk-x11-2.0.so.0.2400.30
653f5000-653f7000 rw-p 004f2000 08:11 8132997    /usr/lib/i386-linux-gnu/libgtk-x11-2.0.so.0.2400.30
653f7000-653f9000 rw-p 00000000 00:00 0 
653f9000-653fc000 ---p 00000000 00:00 0 
653fc000-6544a000 rw-p 00000000 00:00 0 
6544a000-6544d000 ---p 00000000 00:00 0 
6544d000-6549b000 rw-p 00000000 00:00 0 
6549b000-654fd000 r-xp 00000000 08:11 21636493   /home/itarsi/Downloads/jdk1.8.0_144/jre/lib/i386/libfontmanager.so
654fd000-65500000 rw-p 00061000 08:11 21636493   /home/itarsi/Downloads/jdk1.8.0_144/jre/lib/i386/libfontmanager.so
65500000-65504000 rw-p 00000000 00:00 0 
65504000-6564a000 r-xp 00000000 08:11 8132356    /usr/lib/i386-linux-gnu/libX11.so.6.3.0
6564a000-6564b000 ---p 00146000 08:11 8132356    /usr/lib/i386-linux-gnu/libX11.so.6.3.0
6564b000-6564c000 r--p 00146000 08:11 8132356    /usr/lib/i386-linux-gnu/libX11.so.6.3.0
6564c000-6564e000 rw-p 00147000 08:11 8132356    /usr/lib/i386-linux-gnu/libX11.so.6.3.0
6564e000-6564f000 rw-p 00000000 00:00 0 
6564f000-656d5000 r-xp 00000000 08:11 21636473   /home/itarsi/Downloads/jdk1.8.0_144/jre/lib/i386/libawt.so
656d5000-656dc000 rw-p 00086000 08:11 21636473   /home/itarsi/Downloads/jdk1.8.0_144/jre/lib/i386/libawt.so
656dc000-65700000 rw-p 00000000 00:00 0 
65700000-65800000 rw-p 00000000 00:00 0 
65800000-65802000 r--s 00000000 08:11 21510783   /var/cache/fontconfig/43bfe21a9e1edebcf703d79ee2950b06-le32d4.cache-6
65802000-65806000 r-xp 00000000 08:11 15861405   /lib/i386-linux-gnu/libuuid.so.1.3.0
65806000-65807000 r--p 00003000 08:11 15861405   /lib/i386-linux-gnu/libuuid.so.1.3.0
65807000-65808000 rw-p 00004000 08:11 15861405   /lib/i386-linux-gnu/libuuid.so.1.3.0
65808000-65811000 r-xp 00000000 08:11 8133871    /usr/lib/i386-linux-gnu/libxcb-render.so.0.0.0
65811000-65812000 r--p 00008000 08:11 8133871    /usr/lib/i386-linux-gnu/libxcb-render.so.0.0.0
65812000-65813000 rw-p 00009000 08:11 8133871    /usr/lib/i386-linux-gnu/libxcb-render.so.0.0.0
65813000-65815000 r-xp 00000000 08:11 8133875    /usr/lib/i386-linux-gnu/libxcb-shm.so.0.0.0
65815000-65816000 r--p 00001000 08:11 8133875    /usr/lib/i386-linux-gnu/libxcb-shm.so.0.0.0
65816000-65817000 rw-p 00002000 08:11 8133875    /usr/lib/i386-linux-gnu/libxcb-shm.so.0.0.0
65817000-6583b000 r-xp 00000000 08:11 8132460    /usr/lib/i386-linux-gnu/libatk-1.0.so.0.22009.1
6583b000-6583d000 r--p 00023000 08:11 8132460    /usr/lib/i386-linux-gnu/libatk-1.0.so.0.22009.1
6583d000-6583e000 rw-p 00025000 08:11 8132460    /usr/lib/i386-linux-gnu/libatk-1.0.so.0.22009.1
6583e000-6585a000 r-xp 00000000 08:11 15861268   /lib/i386-linux-gnu/libgcc_s.so.1
6585a000-6585b000 r--p 0001b000 08:11 15861268   /lib/i386-linux-gnu/libgcc_s.so.1
6585b000-6585c000 rw-p 0001c000 08:11 15861268   /lib/i386-linux-gnu/libgcc_s.so.1
6585c000-658a8000 r-xp 00000000 08:11 21636501   /home/itarsi/Downloads/jdk1.8.0_144/jre/lib/i386/libawt_xawt.so
658a8000-658aa000 rw-p 0004c000 08:11 21636501   /home/itarsi/Downloads/jdk1.8.0_144/jre/lib/i386/libawt_xawt.so
658aa000-658ab000 rw-p 00000000 00:00 0 
658ab000-658ac000 ---p 00000000 00:00 0 
658ac000-6592c000 rw-p 00000000 00:00 0 
6592c000-6592f000 ---p 00000000 00:00 0 
6592f000-6597d000 rw-p 00000000 00:00 0 
6597d000-65980000 ---p 00000000 00:00 0 
65980000-659fe000 rw-p 00000000 00:00 0 
659fe000-65a01000 ---p 00000000 00:00 0 
65a01000-65a7f000 rw-p 00000000 00:00 0 
65a7f000-65a82000 ---p 00000000 00:00 0 
65a82000-65b00000 rw-p 00000000 00:00 0 
65b00000-65d00000 r--p 00000000 08:11 8134675    /usr/lib/locale/locale-archive
65d00000-65d67000 rw-p 00000000 00:00 0 
65d67000-65e00000 ---p 00000000 00:00 0 
65e00000-65eff000 rw-p 00000000 00:00 0 
65eff000-65f00000 ---p 00000000 00:00 0 
65f00000-65f0b000 r-xp 00000000 08:11 8132391    /usr/lib/i386-linux-gnu/libXrandr.so.2.2.0
65f0b000-65f0c000 r--p 0000a000 08:11 8132391    /usr/lib/i386-linux-gnu/libXrandr.so.2.2.0
65f0c000-65f0d000 rw-p 0000b000 08:11 8132391    /usr/lib/i386-linux-gnu/libXrandr.so.2.2.0
65f0d000-65f10000 ---p 00000000 00:00 0 
65f10000-65f5e000 rw-p 00000000 00:00 0 
65f5e000-65f61000 ---p 00000000 00:00 0 
65f61000-65faf000 rw-p 00000000 00:00 0 
65faf000-65fb2000 ---p 00000000 00:00 0 
65fb2000-66000000 rw-p 00000000 00:00 0 
66000000-66100000 rw-p 00000000 00:00 0 
66100000-66101000 r-xp 00000000 08:11 8127004    /usr/lib/i386-linux-gnu/libgthread-2.0.so.0.5000.2
66101000-66102000 r--p 00000000 08:11 8127004    /usr/lib/i386-linux-gnu/libgthread-2.0.so.0.5000.2
66102000-66103000 rw-p 00001000 08:11 8127004    /usr/lib/i386-linux-gnu/libgthread-2.0.so.0.5000.2
66103000-66105000 r-xp 00000000 08:11 8132369    /usr/lib/i386-linux-gnu/libXdamage.so.1.1.0
66105000-66106000 r--p 00001000 08:11 8132369    /usr/lib/i386-linux-gnu/libXdamage.so.1.1.0
66106000-66107000 rw-p 00002000 08:11 8132369    /usr/lib/i386-linux-gnu/libXdamage.so.1.1.0
66107000-66113000 r-xp 00000000 08:11 8133364    /usr/lib/i386-linux-gnu/libpangocairo-1.0.so.0.4000.1
66113000-66114000 r--p 0000b000 08:11 8133364    /usr/lib/i386-linux-gnu/libpangocairo-1.0.so.0.4000.1
66114000-66115000 rw-p 0000c000 08:11 8133364    /usr/lib/i386-linux-gnu/libpangocairo-1.0.so.0.4000.1
66115000-66139000 r-xp 00000000 08:11 8133887    /usr/lib/i386-linux-gnu/libxcb.so.1.1.0
66139000-6613a000 r--p 00023000 08:11 8133887    /usr/lib/i386-linux-gnu/libxcb.so.1.1.0
6613a000-6613b000 rw-p 00024000 08:11 8133887    /usr/lib/i386-linux-gnu/libxcb.so.1.1.0
6613b000-6614c000 r-xp 00000000 08:11 8132381    /usr/lib/i386-linux-gnu/libXi.so.6.1.0
6614c000-6614d000 r--p 00010000 08:11 8132381    /usr/lib/i386-linux-gnu/libXi.so.6.1.0
6614d000-6614e000 rw-p 00011000 08:11 8132381    /usr/lib/i386-linux-gnu/libXi.so.6.1.0
6614e000-6614f000 ---p 00000000 00:00 0 
6614f000-6621e000 rw-p 00000000 00:00 0 
6621e000-663f8000 r--s 03d4d000 08:11 21636421   /home/itarsi/Downloads/jdk1.8.0_144/jre/lib/rt.jar
663f8000-6683e000 rw-p 00000000 00:00 0 
6683e000-66844000 ---p 00000000 00:00 0 
66844000-68b00000 rw-p 00000000 00:00 0 
68b00000-68bfb000 rw-p 00000000 00:00 0 
68bfb000-68c00000 ---p 00000000 00:00 0 
68c00000-68c02000 r-xp 00000000 08:11 8132365    /usr/lib/i386-linux-gnu/libXcomposite.so.1.0.0
68c02000-68c03000 r--p 00001000 08:11 8132365    /usr/lib/i386-linux-gnu/libXcomposite.so.1.0.0
68c03000-68c04000 rw-p 00002000 08:11 8132365    /usr/lib/i386-linux-gnu/libXcomposite.so.1.0.0
68c04000-68c0d000 r-xp 00000000 08:11 8132367    /usr/lib/i386-linux-gnu/libXcursor.so.1.0.2
68c0d000-68c0e000 r--p 00008000 08:11 8132367    /usr/lib/i386-linux-gnu/libXcursor.so.1.0.2
68c0e000-68c0f000 rw-p 00009000 08:11 8132367    /usr/lib/i386-linux-gnu/libXcursor.so.1.0.2
68c0f000-68c22000 r-xp 00000000 08:11 8132373    /usr/lib/i386-linux-gnu/libXext.so.6.4.0
68c22000-68c23000 r--p 00012000 08:11 8132373    /usr/lib/i386-linux-gnu/libXext.so.6.4.0
68c23000-68c24000 rw-p 00013000 08:11 8132373    /usr/lib/i386-linux-gnu/libXext.so.6.4.0
68c24000-68c7f000 rw-p 00000000 00:00 0 
68c7f000-68c80000 ---p 00000000 00:00 0 
68c80000-68d00000 rw-p 00000000 00:00 0 
68d00000-68e00000 rw-p 00000000 00:00 0 
68e00000-68f00000 rw-p 00000000 00:00 0 
68f00000-68f7f000 rw-p 00000000 00:00 0 
68f7f000-69000000 ---p 00000000 00:00 0 
69000000-69001000 r--s 00000000 08:11 21510785   /var/cache/fontconfig/3334a778d104e76d188e9df399bc24d2-le32d4.cache-6
69001000-69002000 r--s 00000000 08:11 21510781   /var/cache/fontconfig/c277e94e32b20404286a1ddafa5a80f0-le32d4.cache-6
69002000-69007000 r-xp 00000000 08:11 8132375    /usr/lib/i386-linux-gnu/libXfixes.so.3.1.0
69007000-69008000 r--p 00004000 08:11 8132375    /usr/lib/i386-linux-gnu/libXfixes.so.3.1.0
69008000-69009000 rw-p 00005000 08:11 8132375    /usr/lib/i386-linux-gnu/libXfixes.so.3.1.0
69009000-6900e000 r-xp 00000000 08:11 8132371    /usr/lib/i386-linux-gnu/libXdmcp.so.6.0.0
6900e000-6900f000 r--p 00004000 08:11 8132371    /usr/lib/i386-linux-gnu/libXdmcp.so.6.0.0
6900f000-69010000 rw-p 00005000 08:11 8132371    /usr/lib/i386-linux-gnu/libXdmcp.so.6.0.0
69010000-69012000 r--s 00000000 08:11 21510761   /var/cache/fontconfig/16326683038b281783a0ef8c680e3a10-le32d4.cache-6
69012000-69017000 r-xp 00000000 08:11 8258287    /usr/lib/i386-linux-gnu/gtk-2.0/modules/libcanberra-gtk-module.so
69017000-69018000 r--p 00004000 08:11 8258287    /usr/lib/i386-linux-gnu/gtk-2.0/modules/libcanberra-gtk-module.so
69018000-69019000 rw-p 00005000 08:11 8258287    /usr/lib/i386-linux-gnu/gtk-2.0/modules/libcanberra-gtk-module.so
69019000-6902c000 r-xp 00000000 08:11 8258290    /usr/lib/i386-linux-gnu/gtk-2.0/modules/liboverlay-scrollbar.so
6902c000-6902d000 r--p 00012000 08:11 8258290    /usr/lib/i386-linux-gnu/gtk-2.0/modules/liboverlay-scrollbar.so
6902d000-6902e000 rw-p 00013000 08:11 8258290    /usr/lib/i386-linux-gnu/gtk-2.0/modules/liboverlay-scrollbar.so
6902e000-69046000 rw-p 00000000 00:00 0 
69046000-69047000 ---p 00000000 00:00 0 
69047000-691d9000 rw-p 00000000 00:00 0 
691d9000-69211000 ---p 00000000 00:00 0 
69211000-69323000 rw-p 00000000 00:00 0 
69323000-6935a000 ---p 00000000 00:00 0 
6935a000-693ff000 rw-p 00000000 00:00 0 
693ff000-8b680000 rw-p 00000000 00:00 0 
8f823000-8f9c0000 rw-p 00000000 00:00 0 
8f9c0000-926c0000 ---p 00000000 00:00 0 
926c0000-a7000000 rw-p 00000000 00:00 0 
a7000000-a7001000 r--s 00000000 08:11 21503270   /var/cache/fontconfig/e0aa53bcfa504e64f87823c16bc01eb6-le32d4.cache-6
a7001000-a7003000 r-xp 00000000 08:11 8132383    /usr/lib/i386-linux-gnu/libXinerama.so.1.0.0
a7003000-a7004000 r--p 00001000 08:11 8132383    /usr/lib/i386-linux-gnu/libXinerama.so.1.0.0
a7004000-a7005000 rw-p 00002000 08:11 8132383    /usr/lib/i386-linux-gnu/libXinerama.so.1.0.0
a7005000-a700f000 r-xp 00000000 08:11 8132393    /usr/lib/i386-linux-gnu/libXrender.so.1.3.0
a700f000-a7010000 r--p 00009000 08:11 8132393    /usr/lib/i386-linux-gnu/libXrender.so.1.3.0
a7010000-a7011000 rw-p 0000a000 08:11 8132393    /usr/lib/i386-linux-gnu/libXrender.so.1.3.0
a7011000-a7012000 ---p 00000000 00:00 0 
a7012000-a7092000 rw-p 00000000 00:00 0 
a7092000-a7093000 ---p 00000000 00:00 0 
a7093000-a7130000 rw-p 00000000 00:00 0 
a7130000-a74d3000 ---p 00000000 00:00 0 
a74d3000-a7c03000 rwxp 00000000 00:00 0 
a7c03000-b64d3000 ---p 00000000 00:00 0 
b64d3000-b64ec000 r-xp 00000000 08:11 21636498   /home/itarsi/Downloads/jdk1.8.0_144/jre/lib/i386/libzip.so
b64ec000-b64ed000 rw-p 00019000 08:11 21636498   /home/itarsi/Downloads/jdk1.8.0_144/jre/lib/i386/libzip.so
b64ed000-b64f8000 r-xp 00000000 08:11 15860780   /lib/i386-linux-gnu/libnss_files-2.24.so
b64f8000-b64f9000 r--p 0000a000 08:11 15860780   /lib/i386-linux-gnu/libnss_files-2.24.so
b64f9000-b64fa000 rw-p 0000b000 08:11 15860780   /lib/i386-linux-gnu/libnss_files-2.24.so
b64fa000-b6500000 rw-p 00000000 00:00 0 
b6500000-b65fb000 rw-p 00000000 00:00 0 
b65fb000-b6600000 ---p 00000000 00:00 0 
b6600000-b6605000 r-xp 00000000 08:11 8132399    /usr/lib/i386-linux-gnu/libXtst.so.6.1.0
b6605000-b6606000 r--p 00004000 08:11 8132399    /usr/lib/i386-linux-gnu/libXtst.so.6.1.0
b6606000-b6607000 rw-p 00005000 08:11 8132399    /usr/lib/i386-linux-gnu/libXtst.so.6.1.0
b6607000-b6612000 r-xp 00000000 08:11 15860782   /lib/i386-linux-gnu/libnss_nis-2.24.so
b6612000-b6613000 r--p 0000a000 08:11 15860782   /lib/i386-linux-gnu/libnss_nis-2.24.so
b6613000-b6614000 rw-p 0000b000 08:11 15860782   /lib/i386-linux-gnu/libnss_nis-2.24.so
b6614000-b662b000 r-xp 00000000 08:11 15860777   /lib/i386-linux-gnu/libnsl-2.24.so
b662b000-b662c000 r--p 00016000 08:11 15860777   /lib/i386-linux-gnu/libnsl-2.24.so
b662c000-b662d000 rw-p 00017000 08:11 15860777   /lib/i386-linux-gnu/libnsl-2.24.so
b662d000-b662f000 rw-p 00000000 00:00 0 
b662f000-b6630000 r--s 00000000 00:2b 58         /run/user/1000/dconf/user
b6630000-b6633000 r-xp 00000000 08:11 8126925    /usr/lib/i386-linux-gnu/libgmodule-2.0.so.0.5000.2
b6633000-b6634000 r--p 00002000 08:11 8126925    /usr/lib/i386-linux-gnu/libgmodule-2.0.so.0.5000.2
b6634000-b6635000 rw-p 00003000 08:11 8126925    /usr/lib/i386-linux-gnu/libgmodule-2.0.so.0.5000.2
b6635000-b663a000 r--s 002f9000 08:11 21636401   /home/itarsi/Downloads/jdk1.8.0_144/jre/lib/charsets.jar
b663a000-b6640000 r--s 000b4000 08:11 14942785   /home/itarsi/NetBeansProjects/MTJ/mtj-1.0.4-javadoc.jar
b6640000-b6645000 r--s 0003d000 08:11 14942784   /home/itarsi/NetBeansProjects/MTJ/mtj-1.0.4.jar
b6645000-b664d000 rw-s 00000000 08:11 14942798   /tmp/hsperfdata_itarsi/24661
b664d000-b6671000 r-xp 00000000 08:11 21636465   /home/itarsi/Downloads/jdk1.8.0_144/jre/lib/i386/libjava.so
b6671000-b6672000 rw-p 00024000 08:11 21636465   /home/itarsi/Downloads/jdk1.8.0_144/jre/lib/i386/libjava.so
b6672000-b6679000 r-xp 00000000 08:11 15860789   /lib/i386-linux-gnu/librt-2.24.so
b6679000-b667a000 r--p 00006000 08:11 15860789   /lib/i386-linux-gnu/librt-2.24.so
b667a000-b667b000 rw-p 00007000 08:11 15860789   /lib/i386-linux-gnu/librt-2.24.so
b667b000-b667e000 ---p 00000000 00:00 0 
b667e000-b66cc000 rw-p 00000000 00:00 0 
b66cc000-b671f000 r-xp 00000000 08:11 15860775   /lib/i386-linux-gnu/libm-2.24.so
b671f000-b6720000 ---p 00053000 08:11 15860775   /lib/i386-linux-gnu/libm-2.24.so
b6720000-b6721000 r--p 00053000 08:11 15860775   /lib/i386-linux-gnu/libm-2.24.so
b6721000-b6722000 rw-p 00054000 08:11 15860775   /lib/i386-linux-gnu/libm-2.24.so
b6722000-b70b3000 r-xp 00000000 08:11 21636480   /home/itarsi/Downloads/jdk1.8.0_144/jre/lib/i386/server/libjvm.so
b70b3000-b7121000 rw-p 00990000 08:11 21636480   /home/itarsi/Downloads/jdk1.8.0_144/jre/lib/i386/server/libjvm.so
b7121000-b754b000 rw-p 00000000 00:00 0 
b754b000-b76fe000 r-xp 00000000 08:11 15860769   /lib/i386-linux-gnu/libc-2.24.so
b76fe000-b76ff000 ---p 001b3000 08:11 15860769   /lib/i386-linux-gnu/libc-2.24.so
b76ff000-b7701000 r--p 001b3000 08:11 15860769   /lib/i386-linux-gnu/libc-2.24.so
b7701000-b7702000 rw-p 001b5000 08:11 15860769   /lib/i386-linux-gnu/libc-2.24.so
b7702000-b7705000 rw-p 00000000 00:00 0 
b7705000-b7708000 r-xp 00000000 08:11 15860774   /lib/i386-linux-gnu/libdl-2.24.so
b7708000-b7709000 r--p 00002000 08:11 15860774   /lib/i386-linux-gnu/libdl-2.24.so
b7709000-b770a000 rw-p 00003000 08:11 15860774   /lib/i386-linux-gnu/libdl-2.24.so
b770a000-b771e000 r-xp 00000000 08:11 21509937   /home/itarsi/Downloads/jdk1.8.0_144/lib/i386/jli/libjli.so
b771e000-b771f000 rw-p 00014000 08:11 21509937   /home/itarsi/Downloads/jdk1.8.0_144/lib/i386/jli/libjli.so
b771f000-b7738000 r-xp 00000000 08:11 15860787   /lib/i386-linux-gnu/libpthread-2.24.so
b7738000-b7739000 r--p 00018000 08:11 15860787   /lib/i386-linux-gnu/libpthread-2.24.so
b7739000-b773a000 rw-p 00019000 08:11 15860787   /lib/i386-linux-gnu/libpthread-2.24.so
b773a000-b773c000 rw-p 00000000 00:00 0 
b773c000-b773e000 r-xp 00000000 08:11 8132360    /usr/lib/i386-linux-gnu/libXau.so.6.0.0
b773e000-b773f000 r--p 00001000 08:11 8132360    /usr/lib/i386-linux-gnu/libXau.so.6.0.0
b773f000-b7740000 rw-p 00002000 08:11 8132360    /usr/lib/i386-linux-gnu/libXau.so.6.0.0
b7740000-b7741000 r--s 00000000 08:11 21759646   /home/itarsi/netbeans-8.2/java/modules/ext/AbsoluteLayout.jar
b7741000-b7742000 r--p 002d0000 08:11 8134675    /usr/lib/locale/locale-archive
b7742000-b774a000 r-xp 00000000 08:11 15860778   /lib/i386-linux-gnu/libnss_compat-2.24.so
b774a000-b774b000 r--p 00007000 08:11 15860778   /lib/i386-linux-gnu/libnss_compat-2.24.so
b774b000-b774c000 rw-p 00008000 08:11 15860778   /lib/i386-linux-gnu/libnss_compat-2.24.so
b774c000-b774d000 rw-p 00000000 00:00 0 
b774d000-b774e000 ---p 00000000 00:00 0 
b774e000-b7759000 r-xp 00000000 08:11 21636536   /home/itarsi/Downloads/jdk1.8.0_144/jre/lib/i386/libverify.so
b7759000-b775a000 rw-p 0000b000 08:11 21636536   /home/itarsi/Downloads/jdk1.8.0_144/jre/lib/i386/libverify.so
b775a000-b775d000 rw-p 00000000 00:00 0 
b775d000-b775f000 r--p 00000000 00:00 0          [vvar]
b775f000-b7761000 r-xp 00000000 00:00 0          [vdso]
b7761000-b7784000 r-xp 00000000 08:11 15860765   /lib/i386-linux-gnu/ld-2.24.so
b7784000-b7785000 r--p 00022000 08:11 15860765   /lib/i386-linux-gnu/ld-2.24.so
b7785000-b7786000 rw-p 00023000 08:11 15860765   /lib/i386-linux-gnu/ld-2.24.so
bfc2a000-bfc4b000 rw-p 00000000 00:00 0          [stack]

VM Arguments:
jvm_args: -Dfile.encoding=UTF-8 
java_command: harmonic.Harmonic
java_class_path (initial): /home/itarsi/netbeans-8.2/java/modules/ext/AbsoluteLayout.jar:/home/itarsi/NetBeansProjects/com.sl.connector/build/classes:/home/itarsi/NetBeansProjects/MTJ/mtj-1.0.4.jar:/home/itarsi/NetBeansProjects/MTJ/mtj-1.0.4-javadoc.jar:/home/itarsi/NetBeansProjects/Harmonic/build/classes
Launcher Type: SUN_STANDARD

Environment Variables:
PATH=/home/itarsi/bin:/home/itarsi/.local/bin:/usr/local/sbin:/usr/local/bin:/usr/sbin:/usr/bin:/sbin:/bin:/usr/games:/usr/local/games:/home/itarsi/Downloads/jdk1.8.0_144/bin/:/snap/bin
LD_LIBRARY_PATH=/home/itarsi/Downloads/jdk1.8.0_144/jre/lib/amd64:/home/itarsi/Downloads/jdk1.8.0_144/jre/lib/i386:
SHELL=/bin/bash
DISPLAY=:0

Signal Handlers:
SIGSEGV: [libjvm.so+0x8dbed0], sa_mask[0]=11111111011111111101111111111110, sa_flags=SA_RESTART|SA_SIGINFO
SIGBUS: [libjvm.so+0x8dbed0], sa_mask[0]=11111111011111111101111111111110, sa_flags=SA_RESTART|SA_SIGINFO
SIGFPE: [libjvm.so+0x758b80], sa_mask[0]=11111111011111111101111111111110, sa_flags=SA_RESTART|SA_SIGINFO
SIGPIPE: SIG_IGN, sa_mask[0]=00000000000010000000000000000000, sa_flags=SA_RESTART
SIGXFSZ: [libjvm.so+0x758b80], sa_mask[0]=11111111011111111101111111111110, sa_flags=SA_RESTART|SA_SIGINFO
SIGILL: [libjvm.so+0x758b80], sa_mask[0]=11111111011111111101111111111110, sa_flags=SA_RESTART|SA_SIGINFO
SIGUSR1: SIG_DFL, sa_mask[0]=00000000000000000000000000000000, sa_flags=none
SIGUSR2: [libjvm.so+0x75a430], sa_mask[0]=00100000000000000000000000000000, sa_flags=SA_RESTART|SA_SIGINFO
SIGHUP: [libjvm.so+0x75b8e0], sa_mask[0]=11111111011111111101111111111110, sa_flags=SA_RESTART|SA_SIGINFO
SIGINT: SIG_IGN, sa_mask[0]=00000000000000000000000000000000, sa_flags=none
SIGTERM: [libjvm.so+0x75b8e0], sa_mask[0]=11111111011111111101111111111110, sa_flags=SA_RESTART|SA_SIGINFO
SIGQUIT: [libjvm.so+0x75b8e0], sa_mask[0]=11111111011111111101111111111110, sa_flags=SA_RESTART|SA_SIGINFO


---------------  S Y S T E M  ---------------

OS:DISTRIB_ID=Ubuntu
DISTRIB_RELEASE=16.10
DISTRIB_CODENAME=yakkety
DISTRIB_DESCRIPTION="Ubuntu 16.10"

uname:Linux 4.8.0-59-generic #64-Ubuntu SMP Thu Jun 29 19:37:59 UTC 2017 i686
libc:glibc 2.24 NPTL 2.24 
rlimit: STACK 8192k, CORE 0k, NPROC 31277, NOFILE 4096, AS infinity
load average:1.39 0.60 0.39

/proc/meminfo:
MemTotal:        4043728 kB
MemFree:          210484 kB
MemAvailable:       6980 kB
Buffers:            8352 kB
Cached:           544212 kB
SwapCached:            0 kB
Active:          3202496 kB
Inactive:         513776 kB
Active(anon):    3164972 kB
Inactive(anon):   475476 kB
Active(file):      37524 kB
Inactive(file):    38300 kB
Unevictable:          32 kB
Mlocked:              32 kB
HighTotal:       3189420 kB
HighFree:          40008 kB
LowTotal:         854308 kB
LowFree:          170476 kB
SwapTotal:             0 kB
SwapFree:              0 kB
Dirty:               104 kB
Writeback:             0 kB
AnonPages:       3163804 kB
Mapped:           184080 kB
Shmem:            476676 kB
Slab:              59552 kB
SReclaimable:      25644 kB
SUnreclaim:        33908 kB
KernelStack:        4768 kB
PageTables:        17628 kB
NFS_Unstable:          0 kB
Bounce:                0 kB
WritebackTmp:          0 kB
CommitLimit:     2021864 kB
Committed_AS:    7564348 kB
VmallocTotal:     122880 kB
VmallocUsed:           0 kB
VmallocChunk:          0 kB
AnonHugePages:    784384 kB
ShmemHugePages:        0 kB
ShmemPmdMapped:        0 kB
CmaTotal:              0 kB
CmaFree:               0 kB
HugePages_Total:       0
HugePages_Free:        0
HugePages_Rsvd:        0
HugePages_Surp:        0
Hugepagesize:       2048 kB
DirectMap4k:       20472 kB
DirectMap2M:      890880 kB


CPU:total 4 (initial active 4) (2 cores per cpu, 2 threads per core) family 6 model 42 stepping 7, cmov, cx8, fxsr, mmx, sse, sse2, sse3, ssse3, sse4.1, sse4.2, popcnt, avx, clmul, ht, tsc, tscinvbit

/proc/cpuinfo:
processor	: 0
vendor_id	: GenuineIntel
cpu family	: 6
model		: 42
model name	: Intel(R) Core(TM) i3-2310M CPU @ 2.10GHz
stepping	: 7
microcode	: 0x29
cpu MHz		: 1999.896
cache size	: 3072 KB
physical id	: 0
siblings	: 4
core id		: 0
cpu cores	: 2
apicid		: 0
initial apicid	: 0
fdiv_bug	: no
f00f_bug	: no
coma_bug	: no
fpu		: yes
fpu_exception	: yes
cpuid level	: 13
wp		: yes
flags		: fpu vme de pse tsc msr pae mce cx8 apic sep mtrr pge mca cmov pat pse36 clflush dts acpi mmx fxsr sse sse2 ss ht tm pbe nx rdtscp lm constant_tsc arch_perfmon pebs bts xtopology nonstop_tsc aperfmperf eagerfpu pni pclmulqdq dtes64 monitor ds_cpl vmx est tm2 ssse3 cx16 xtpr pdcm pcid sse4_1 sse4_2 x2apic popcnt tsc_deadline_timer xsave avx lahf_lm epb tpr_shadow vnmi flexpriority ept vpid xsaveopt dtherm arat pln pts
bugs		:
bogomips	: 4190.71
clflush size	: 64
cache_alignment	: 64
address sizes	: 36 bits physical, 48 bits virtual
power management:

processor	: 1
vendor_id	: GenuineIntel
cpu family	: 6
model		: 42
model name	: Intel(R) Core(TM) i3-2310M CPU @ 2.10GHz
stepping	: 7
microcode	: 0x29
cpu MHz		: 1999.896
cache size	: 3072 KB
physical id	: 0
siblings	: 4
core id		: 1
cpu cores	: 2
apicid		: 2
initial apicid	: 2
fdiv_bug	: no
f00f_bug	: no
coma_bug	: no
fpu		: yes
fpu_exception	: yes
cpuid level	: 13
wp		: yes
flags		: fpu vme de pse tsc msr pae mce cx8 apic sep mtrr pge mca cmov pat pse36 clflush dts acpi mmx fxsr sse sse2 ss ht tm pbe nx rdtscp lm constant_tsc arch_perfmon pebs bts xtopology nonstop_tsc aperfmperf eagerfpu pni pclmulqdq dtes64 monitor ds_cpl vmx est tm2 ssse3 cx16 xtpr pdcm pcid sse4_1 sse4_2 x2apic popcnt tsc_deadline_timer xsave avx lahf_lm epb tpr_shadow vnmi flexpriority ept vpid xsaveopt dtherm arat pln pts
bugs		:
bogomips	: 4190.71
clflush size	: 64
cache_alignment	: 64
address sizes	: 36 bits physical, 48 bits virtual
power management:

processor	: 2
vendor_id	: GenuineIntel
cpu family	: 6
model		: 42
model name	: Intel(R) Core(TM) i3-2310M CPU @ 2.10GHz
stepping	: 7
microcode	: 0x29
cpu MHz		: 1959.136
cache size	: 3072 KB
physical id	: 0
siblings	: 4
core id		: 0
cpu cores	: 2
apicid		: 1
initial apicid	: 1
fdiv_bug	: no
f00f_bug	: no
coma_bug	: no
fpu		: yes
fpu_exception	: yes
cpuid level	: 13
wp		: yes
flags		: fpu vme de pse tsc msr pae mce cx8 apic sep mtrr pge mca cmov pat pse36 clflush dts acpi mmx fxsr sse sse2 ss ht tm pbe nx rdtscp lm constant_tsc arch_perfmon pebs bts xtopology nonstop_tsc aperfmperf eagerfpu pni pclmulqdq dtes64 monitor ds_cpl vmx est tm2 ssse3 cx16 xtpr pdcm pcid sse4_1 sse4_2 x2apic popcnt tsc_deadline_timer xsave avx lahf_lm epb tpr_shadow vnmi flexpriority ept vpid xsaveopt dtherm arat pln pts
bugs		:
bogomips	: 4190.71
clflush size	: 64
cache_alignment	: 64
address sizes	: 36 bits physical, 48 bits virtual
power management:

processor	: 3
vendor_id	: GenuineIntel
cpu family	: 6
model		: 42
model name	: Intel(R) Core(TM) i3-2310M CPU @ 2.10GHz
stepping	: 7
microcode	: 0x29
cpu MHz		: 1999.896
cache size	: 3072 KB
physical id	: 0
siblings	: 4
core id		: 1
cpu cores	: 2
apicid		: 3
initial apicid	: 3
fdiv_bug	: no
f00f_bug	: no
coma_bug	: no
fpu		: yes
fpu_exception	: yes
cpuid level	: 13
wp		: yes
flags		: fpu vme de pse tsc msr pae mce cx8 apic sep mtrr pge mca cmov pat pse36 clflush dts acpi mmx fxsr sse sse2 ss ht tm pbe nx rdtscp lm constant_tsc arch_perfmon pebs bts xtopology nonstop_tsc aperfmperf eagerfpu pni pclmulqdq dtes64 monitor ds_cpl vmx est tm2 ssse3 cx16 xtpr pdcm pcid sse4_1 sse4_2 x2apic popcnt tsc_deadline_timer xsave avx lahf_lm epb tpr_shadow vnmi flexpriority ept vpid xsaveopt dtherm arat pln pts
bugs		:
bogomips	: 4190.71
clflush size	: 64
cache_alignment	: 64
address sizes	: 36 bits physical, 48 bits virtual
power management:



Memory: 4k page, physical 4043728k(210484k free), swap 0k(0k free)

vm_info: Java HotSpot(TM) Server VM (25.144-b01) for linux-x86 JRE (1.8.0_144-b01), built on Jul 22 2017 02:26:52 by "java_re" with gcc 4.3.0 20080428 (Red Hat 4.3.0-8)

time: Thu Sep 14 01:37:16 2017
elapsed time: 93 seconds (0d 0h 1m 33s)

